<?xml version="1.0" encoding="UTF-8"?>
<!-- Generated by org.testng.reporters.JUnitReportReporter -->
<testsuite hostname="DESKTOP-GDLKIJA" failures="0" tests="1" name="Runner.MyRunner" time="28.332" errors="0" timestamp="2021-10-04T22:26:23 BST" skipped="0">
  <testcase classname="Runner.MyRunner" name="runScenario" time="28.332"/>
  <system-out/>
</testsuite> <!-- Runner.MyRunner -->
